[debug] [2026-04-10T08:59:53.674Z] ----------------------------------------------------------------------
[debug] [2026-04-10T08:59:53.677Z] Command:       C:\Program Files\nodejs\node.exe C:\Users\emman\AppData\Roaming\npm\node_modules\firebase-tools\lib\bin\firebase.js deploy --only functions --debug
[debug] [2026-04-10T08:59:53.677Z] CLI Version:   15.14.0
[debug] [2026-04-10T08:59:53.677Z] Platform:      win32
[debug] [2026-04-10T08:59:53.677Z] Node Version:  v24.14.0
[debug] [2026-04-10T08:59:53.677Z] Time:          Fri Apr 10 2026 02:59:53 GMT-0600 (hora estándar central)
[debug] [2026-04-10T08:59:53.677Z] ----------------------------------------------------------------------
[debug] 
[debug] [2026-04-10T08:59:55.132Z] > command requires scopes: ["email","openid","https://www.googleapis.com/auth/cloudplatformprojects.readonly","https://www.googleapis.com/auth/firebase","https://www.googleapis.com/auth/cloud-platform"]
[debug] [2026-04-10T08:59:55.133Z] > authorizing via signed-in user (melher2020@gmail.com)
[debug] [2026-04-10T08:59:55.133Z] [iam] checking project jobify-392f2 for permissions ["cloudfunctions.functions.create","cloudfunctions.functions.delete","cloudfunctions.functions.get","cloudfunctions.functions.list","cloudfunctions.functions.update","cloudfunctions.operations.get","firebase.projects.get"]
[debug] [2026-04-10T08:59:55.135Z] Checked if tokens are valid: true, expires at: 1775814224156
[debug] [2026-04-10T08:59:55.135Z] Checked if tokens are valid: true, expires at: 1775814224156
[debug] [2026-04-10T08:59:55.136Z] >>> [apiv2][query] POST https://cloudresourcemanager.googleapis.com/v1/projects/jobify-392f2:testIamPermissions [none]
[debug] [2026-04-10T08:59:55.136Z] >>> [apiv2][(partial)header] POST https://cloudresourcemanager.googleapis.com/v1/projects/jobify-392f2:testIamPermissions  x-goog-user-project=jobify-392f2
[debug] [2026-04-10T08:59:55.136Z] >>> [apiv2][body] POST https://cloudresourcemanager.googleapis.com/v1/projects/jobify-392f2:testIamPermissions {"permissions":["cloudfunctions.functions.create","cloudfunctions.functions.delete","cloudfunctions.functions.get","cloudfunctions.functions.list","cloudfunctions.functions.update","cloudfunctions.operations.get","firebase.projects.get"]}
[debug] [2026-04-10T08:59:55.501Z] <<< [apiv2][status] POST https://cloudresourcemanager.googleapis.com/v1/projects/jobify-392f2:testIamPermissions 200
[debug] [2026-04-10T08:59:55.502Z] <<< [apiv2][body] POST https://cloudresourcemanager.googleapis.com/v1/projects/jobify-392f2:testIamPermissions {"permissions":["cloudfunctions.functions.create","cloudfunctions.functions.delete","cloudfunctions.functions.get","cloudfunctions.functions.list","cloudfunctions.functions.update","cloudfunctions.operations.get","firebase.projects.get"]}
[debug] [2026-04-10T08:59:55.502Z] Checked if tokens are valid: true, expires at: 1775814224156
[debug] [2026-04-10T08:59:55.502Z] Checked if tokens are valid: true, expires at: 1775814224156
[debug] [2026-04-10T08:59:55.503Z] >>> [apiv2][query] POST https://iam.googleapis.com/v1/projects/jobify-392f2/serviceAccounts/jobify-392f2@appspot.gserviceaccount.com:testIamPermissions [none]
[debug] [2026-04-10T08:59:55.503Z] >>> [apiv2][body] POST https://iam.googleapis.com/v1/projects/jobify-392f2/serviceAccounts/jobify-392f2@appspot.gserviceaccount.com:testIamPermissions {"permissions":["iam.serviceAccounts.actAs"]}
[debug] [2026-04-10T08:59:55.821Z] <<< [apiv2][status] POST https://iam.googleapis.com/v1/projects/jobify-392f2/serviceAccounts/jobify-392f2@appspot.gserviceaccount.com:testIamPermissions 200
[debug] [2026-04-10T08:59:55.822Z] <<< [apiv2][body] POST https://iam.googleapis.com/v1/projects/jobify-392f2/serviceAccounts/jobify-392f2@appspot.gserviceaccount.com:testIamPermissions {"permissions":["iam.serviceAccounts.actAs"]}
[info] 
[info] === Deploying to 'jobify-392f2'...
[info] 
[info] i  deploying functions 
[debug] [2026-04-10T08:59:55.825Z] Checked if tokens are valid: true, expires at: 1775814224156
[debug] [2026-04-10T08:59:55.825Z] Checked if tokens are valid: true, expires at: 1775814224156
[debug] [2026-04-10T08:59:55.825Z] >>> [apiv2][query] GET https://cloudresourcemanager.googleapis.com/v1/projects/jobify-392f2 [none]
[debug] [2026-04-10T08:59:55.929Z] <<< [apiv2][status] GET https://cloudresourcemanager.googleapis.com/v1/projects/jobify-392f2 200
[debug] [2026-04-10T08:59:55.929Z] <<< [apiv2][body] GET https://cloudresourcemanager.googleapis.com/v1/projects/jobify-392f2 {"projectNumber":"508357161570","projectId":"jobify-392f2","lifecycleState":"ACTIVE","name":"Jobify","labels":{"firebase":"enabled","firebase-core":"disabled"},"createTime":"2026-04-02T02:08:27.254Z"}
[info] i  functions: preparing codebase default for deployment 
[info] i  functions: ensuring required API cloudfunctions.googleapis.com is enabled... 
[info] i  functions: ensuring required API cloudbuild.googleapis.com is enabled... 
[info] i  artifactregistry: ensuring required API artifactregistry.googleapis.com is enabled... 
[debug] [2026-04-10T08:59:55.931Z] Checked if tokens are valid: true, expires at: 1775814224156
[debug] [2026-04-10T08:59:55.931Z] Checked if tokens are valid: true, expires at: 1775814224156
[debug] [2026-04-10T08:59:55.931Z] >>> [apiv2][query] GET https://firebase.googleapis.com/v1beta1/projects/jobify-392f2/adminSdkConfig [none]
[debug] [2026-04-10T08:59:56.304Z] <<< [apiv2][status] GET https://firebase.googleapis.com/v1beta1/projects/jobify-392f2/adminSdkConfig 200
[debug] [2026-04-10T08:59:56.304Z] <<< [apiv2][body] GET https://firebase.googleapis.com/v1beta1/projects/jobify-392f2/adminSdkConfig {"projectId":"jobify-392f2","storageBucket":"jobify-392f2.firebasestorage.app"}
[debug] [2026-04-10T08:59:56.305Z] Validating nodejs source
[debug] [2026-04-10T08:59:57.137Z] > [functions] package.json contents: {
  "name": "functions",
  "description": "Cloud Functions for Firebase",
  "scripts": {
    "serve": "firebase emulators:start --only functions",
    "shell": "firebase functions:shell",
    "start": "npm run shell",
    "deploy": "firebase deploy --only functions",
    "logs": "firebase functions:log"
  },
  "engines": {
    "node": "24"
  },
  "main": "index.js",
  "dependencies": {
    "firebase-admin": "^13.6.0",
    "firebase-functions": "^7.0.0"
  },
  "devDependencies": {
    "firebase-functions-test": "^3.4.1"
  },
  "private": true
}
[debug] [2026-04-10T08:59:57.137Z] Building nodejs source
[info] i  functions: Loading and analyzing source code for codebase default to determine what to deploy 
[debug] [2026-04-10T08:59:57.142Z] Could not find functions.yaml. Must use http discovery
[debug] [2026-04-10T08:59:57.150Z] Found firebase-functions binary at 'D:\Jobify\functions\node_modules\.bin\firebase-functions'
[info] Serving at port 8811

[debug] [2026-04-10T08:59:57.938Z] Got response from /__/functions.yaml {"endpoints":{},"specVersion":"v1alpha1","requiredAPIs":[],"extensions":{}}
[info] i  extensions: ensuring required API firebaseextensions.googleapis.com is enabled... 
[debug] [2026-04-10T09:00:01.973Z] > command requires scopes: ["email","openid","https://www.googleapis.com/auth/cloudplatformprojects.readonly","https://www.googleapis.com/auth/firebase","https://www.googleapis.com/auth/cloud-platform"]
[debug] [2026-04-10T09:00:01.973Z] > authorizing via signed-in user (melher2020@gmail.com)
[debug] [2026-04-10T09:00:01.973Z] [iam] checking project jobify-392f2 for permissions ["firebase.projects.get","firebaseextensions.instances.list"]
[debug] [2026-04-10T09:00:01.974Z] Checked if tokens are valid: true, expires at: 1775814224156
[debug] [2026-04-10T09:00:01.974Z] Checked if tokens are valid: true, expires at: 1775814224156
[debug] [2026-04-10T09:00:01.974Z] >>> [apiv2][query] POST https://cloudresourcemanager.googleapis.com/v1/projects/jobify-392f2:testIamPermissions [none]
[debug] [2026-04-10T09:00:01.974Z] >>> [apiv2][(partial)header] POST https://cloudresourcemanager.googleapis.com/v1/projects/jobify-392f2:testIamPermissions  x-goog-user-project=jobify-392f2
[debug] [2026-04-10T09:00:01.974Z] >>> [apiv2][body] POST https://cloudresourcemanager.googleapis.com/v1/projects/jobify-392f2:testIamPermissions {"permissions":["firebase.projects.get","firebaseextensions.instances.list"]}
[debug] [2026-04-10T09:00:02.338Z] <<< [apiv2][status] POST https://cloudresourcemanager.googleapis.com/v1/projects/jobify-392f2:testIamPermissions 200
[debug] [2026-04-10T09:00:02.339Z] <<< [apiv2][body] POST https://cloudresourcemanager.googleapis.com/v1/projects/jobify-392f2:testIamPermissions {"permissions":["firebase.projects.get","firebaseextensions.instances.list"]}
[debug] [2026-04-10T09:00:02.339Z] Checked if tokens are valid: true, expires at: 1775814224156
[debug] [2026-04-10T09:00:02.339Z] Checked if tokens are valid: true, expires at: 1775814224156
[debug] [2026-04-10T09:00:02.339Z] >>> [apiv2][query] GET https://firebaseextensions.googleapis.com/v1beta/projects/jobify-392f2/instances pageSize=100&pageToken=
[debug] [2026-04-10T09:00:02.761Z] <<< [apiv2][status] GET https://firebaseextensions.googleapis.com/v1beta/projects/jobify-392f2/instances 200
[debug] [2026-04-10T09:00:02.761Z] <<< [apiv2][body] GET https://firebaseextensions.googleapis.com/v1beta/projects/jobify-392f2/instances {}
[debug] [2026-04-10T09:00:02.763Z] Checked if tokens are valid: true, expires at: 1775814224156
[debug] [2026-04-10T09:00:02.763Z] Checked if tokens are valid: true, expires at: 1775814224156
[debug] [2026-04-10T09:00:02.763Z] >>> [apiv2][query] GET https://cloudfunctions.googleapis.com/v1/projects/jobify-392f2/locations/-/functions [none]
[debug] [2026-04-10T09:00:03.298Z] <<< [apiv2][status] GET https://cloudfunctions.googleapis.com/v1/projects/jobify-392f2/locations/-/functions 200
[debug] [2026-04-10T09:00:03.298Z] <<< [apiv2][body] GET https://cloudfunctions.googleapis.com/v1/projects/jobify-392f2/locations/-/functions {}
[debug] [2026-04-10T09:00:03.299Z] Checked if tokens are valid: true, expires at: 1775814224156
[debug] [2026-04-10T09:00:03.299Z] Checked if tokens are valid: true, expires at: 1775814224156
[debug] [2026-04-10T09:00:03.299Z] >>> [apiv2][query] GET https://cloudfunctions.googleapis.com/v2/projects/jobify-392f2/locations/-/functions filter=environment%3D%22GEN_2%22
[debug] [2026-04-10T09:00:03.687Z] <<< [apiv2][status] GET https://cloudfunctions.googleapis.com/v2/projects/jobify-392f2/locations/-/functions 200
[debug] [2026-04-10T09:00:03.687Z] <<< [apiv2][body] GET https://cloudfunctions.googleapis.com/v2/projects/jobify-392f2/locations/-/functions {}
[debug] [2026-04-10T09:00:03.689Z] Checked if tokens are valid: true, expires at: 1775814224156
[debug] [2026-04-10T09:00:03.690Z] Checked if tokens are valid: true, expires at: 1775814224156
[debug] [2026-04-10T09:00:03.690Z] >>> [apiv2][query] GET https://cloudbilling.googleapis.com/v1/projects/jobify-392f2/billingInfo [none]
[debug] [2026-04-10T09:00:03.895Z] <<< [apiv2][status] GET https://cloudbilling.googleapis.com/v1/projects/jobify-392f2/billingInfo 200
[debug] [2026-04-10T09:00:03.896Z] <<< [apiv2][body] GET https://cloudbilling.googleapis.com/v1/projects/jobify-392f2/billingInfo {"name":"projects/jobify-392f2/billingInfo","projectId":"jobify-392f2","billingAccountName":"billingAccounts/011277-730273-244AEB","billingEnabled":true}
[debug] [2026-04-10T09:00:03.899Z] Total Function Deployment time: 0
[debug] [2026-04-10T09:00:03.900Z] 0 Functions Deployed
[debug] [2026-04-10T09:00:03.900Z] 0 Functions Errored
[debug] [2026-04-10T09:00:03.900Z] 0 Function Deployments Aborted
[debug] [2026-04-10T09:00:03.900Z] Average Function Deployment time: NaN
[info] 
[info] +  Deploy complete! 
[info] 
[info] Project Console: https://console.firebase.google.com/project/jobify-392f2/overview
